{"C:\\Users\\gstvo\\OneDrive\\Documentos\\repos\\React\\desafio01-trilha-reactjs\\src\\components\\TaskList.tsx": {"path":"C:\\Users\\gstvo\\OneDrive\\Documentos\\repos\\React\\desafio01-trilha-reactjs\\src\\components\\TaskList.tsx","statementMap":{"0":{"start":{"line":14,"column":28},"end":{"line":14,"column":48}},"1":{"start":{"line":15,"column":42},"end":{"line":15,"column":54}},"2":{"start":{"line":19,"column":4},"end":{"line":19,"column":29}},"3":{"start":{"line":19,"column":22},"end":{"line":19,"column":29}},"4":{"start":{"line":21,"column":20},"end":{"line":25,"column":5}},"5":{"start":{"line":27,"column":4},"end":{"line":27,"column":49}},"6":{"start":{"line":27,"column":25},"end":{"line":27,"column":47}},"7":{"start":{"line":28,"column":4},"end":{"line":28,"column":24}},"8":{"start":{"line":35,"column":21},"end":{"line":38,"column":13}},"9":{"start":{"line":35,"column":39},"end":{"line":38,"column":12}},"10":{"start":{"line":40,"column":4},"end":{"line":40,"column":23}},"11":{"start":{"line":47,"column":26},"end":{"line":47,"column":63}},"12":{"start":{"line":47,"column":47},"end":{"line":47,"column":61}},"13":{"start":{"line":49,"column":4},"end":{"line":49,"column":28}},"14":{"start":{"line":53,"column":2},"end":{"line":98,"column":3}},"15":{"start":{"line":62,"column":29},"end":{"line":62,"column":60}},"16":{"start":{"line":64,"column":30},"end":{"line":64,"column":76}},"17":{"start":{"line":75,"column":12},"end":{"line":92,"column":17}},"18":{"start":{"line":82,"column":35},"end":{"line":82,"column":70}},"19":{"start":{"line":89,"column":84},"end":{"line":89,"column":109}}},"fnMap":{"0":{"name":"TaskList","decl":{"start":{"line":13,"column":16},"end":{"line":13,"column":24}},"loc":{"start":{"line":13,"column":27},"end":{"line":99,"column":1}},"line":13},"1":{"name":"handleCreateNewTask","decl":{"start":{"line":17,"column":11},"end":{"line":17,"column":30}},"loc":{"start":{"line":17,"column":33},"end":{"line":30,"column":3}},"line":17},"2":{"name":"(anonymous_2)","decl":{"start":{"line":27,"column":13},"end":{"line":27,"column":14}},"loc":{"start":{"line":27,"column":25},"end":{"line":27,"column":47}},"line":27},"3":{"name":"handleToggleTaskCompletion","decl":{"start":{"line":32,"column":11},"end":{"line":32,"column":37}},"loc":{"start":{"line":32,"column":50},"end":{"line":42,"column":3}},"line":32},"4":{"name":"(anonymous_4)","decl":{"start":{"line":35,"column":31},"end":{"line":35,"column":32}},"loc":{"start":{"line":35,"column":39},"end":{"line":38,"column":12}},"line":35},"5":{"name":"handleRemoveTask","decl":{"start":{"line":44,"column":11},"end":{"line":44,"column":27}},"loc":{"start":{"line":44,"column":40},"end":{"line":51,"column":3}},"line":44},"6":{"name":"(anonymous_6)","decl":{"start":{"line":47,"column":39},"end":{"line":47,"column":40}},"loc":{"start":{"line":47,"column":47},"end":{"line":47,"column":61}},"line":47},"7":{"name":"(anonymous_7)","decl":{"start":{"line":62,"column":22},"end":{"line":62,"column":23}},"loc":{"start":{"line":62,"column":29},"end":{"line":62,"column":60}},"line":62},"8":{"name":"(anonymous_8)","decl":{"start":{"line":64,"column":23},"end":{"line":64,"column":24}},"loc":{"start":{"line":64,"column":30},"end":{"line":64,"column":76}},"line":64},"9":{"name":"(anonymous_9)","decl":{"start":{"line":74,"column":21},"end":{"line":74,"column":22}},"loc":{"start":{"line":75,"column":12},"end":{"line":92,"column":17}},"line":75},"10":{"name":"(anonymous_10)","decl":{"start":{"line":82,"column":29},"end":{"line":82,"column":30}},"loc":{"start":{"line":82,"column":35},"end":{"line":82,"column":70}},"line":82},"11":{"name":"(anonymous_11)","decl":{"start":{"line":89,"column":78},"end":{"line":89,"column":79}},"loc":{"start":{"line":89,"column":84},"end":{"line":89,"column":109}},"line":89}},"branchMap":{"0":{"loc":{"start":{"line":19,"column":4},"end":{"line":19,"column":29}},"type":"if","locations":[{"start":{"line":19,"column":4},"end":{"line":19,"column":29}},{"start":{},"end":{}}],"line":19},"1":{"loc":{"start":{"line":35,"column":39},"end":{"line":38,"column":12}},"type":"cond-expr","locations":[{"start":{"line":35,"column":56},"end":{"line":38,"column":5}},{"start":{"line":38,"column":8},"end":{"line":38,"column":12}}],"line":35},"2":{"loc":{"start":{"line":64,"column":30},"end":{"line":64,"column":76}},"type":"cond-expr","locations":[{"start":{"line":64,"column":50},"end":{"line":64,"column":71}},{"start":{"line":64,"column":74},"end":{"line":64,"column":76}}],"line":64},"3":{"loc":{"start":{"line":76,"column":30},"end":{"line":76,"column":64}},"type":"cond-expr","locations":[{"start":{"line":76,"column":48},"end":{"line":76,"column":59}},{"start":{"line":76,"column":62},"end":{"line":76,"column":64}}],"line":76}},"s":{"0":20,"1":20,"2":8,"3":1,"4":7,"5":7,"6":7,"7":7,"8":1,"9":2,"10":1,"11":1,"12":2,"13":1,"14":20,"15":7,"16":0,"17":16,"18":1,"19":1},"f":{"0":20,"1":8,"2":7,"3":1,"4":2,"5":1,"6":2,"7":7,"8":0,"9":16,"10":1,"11":1},"b":{"0":[1,7],"1":[1,1],"2":[0,0],"3":[1,15]},"_coverageSchema":"1a1c01bbd47fc00a2c39e90264f33305004495a9","hash":"be6dfaf0e47711548833d50a706fc0c86a3bb037"}
}
