TN:
SF:src\components\TaskList.tsx
FN:13,TaskList
FN:17,handleCreateNewTask
FN:27,(anonymous_2)
FN:32,handleToggleTaskCompletion
FN:35,(anonymous_4)
FN:44,handleRemoveTask
FN:47,(anonymous_6)
FN:62,(anonymous_7)
FN:64,(anonymous_8)
FN:74,(anonymous_9)
FN:82,(anonymous_10)
FN:89,(anonymous_11)
FNF:12
FNH:11
FNDA:20,TaskList
FNDA:8,handleCreateNewTask
FNDA:7,(anonymous_2)
FNDA:1,handleToggleTaskCompletion
FNDA:2,(anonymous_4)
FNDA:1,handleRemoveTask
FNDA:2,(anonymous_6)
FNDA:7,(anonymous_7)
FNDA:0,(anonymous_8)
FNDA:16,(anonymous_9)
FNDA:1,(anonymous_10)
FNDA:1,(anonymous_11)
DA:14,20
DA:15,20
DA:19,8
DA:21,7
DA:27,7
DA:28,7
DA:35,2
DA:40,1
DA:47,2
DA:49,1
DA:53,20
DA:62,7
DA:64,0
DA:75,16
DA:82,1
DA:89,1
LF:16
LH:15
BRDA:19,0,0,1
BRDA:19,0,1,7
BRDA:35,1,0,1
BRDA:35,1,1,1
BRDA:64,2,0,0
BRDA:64,2,1,0
BRDA:76,3,0,1
BRDA:76,3,1,15
BRF:8
BRH:6
end_of_record
